  [1m[36m (1.8ms)[0m  [1mCREATE TABLE "schema_migrations" ("version" varchar(255) NOT NULL) [0m
  [1m[35m (1.0ms)[0m  CREATE UNIQUE INDEX "unique_schema_migrations" ON "schema_migrations" ("version")
  [1m[36mActiveRecord::SchemaMigration Load (0.2ms)[0m  [1mSELECT "schema_migrations".* FROM "schema_migrations"[0m
Migrating to CreateProducts (20181115091304)
  [1m[35m (0.1ms)[0m  begin transaction
  [1m[36m (0.5ms)[0m  [1mCREATE TABLE "products" ("id" INTEGER PRIMARY KEY AUTOINCREMENT NOT NULL, "title" varchar(255), "description" text, "image_url" varchar(255), "price" decimal, "created_at" datetime, "updated_at" datetime) [0m
  [1m[35mSQL (0.2ms)[0m  INSERT INTO "schema_migrations" ("version") VALUES (?)  [["version", "20181115091304"]]
  [1m[36m (1.3ms)[0m  [1mcommit transaction[0m
  [1m[35mActiveRecord::SchemaMigration Load (0.1ms)[0m  SELECT "schema_migrations".* FROM "schema_migrations"


Started GET "/" for 127.0.0.1 at 2018-11-15 10:26:12 +0100
  [1m[36mActiveRecord::SchemaMigration Load (0.1ms)[0m  [1mSELECT "schema_migrations".* FROM "schema_migrations"[0m
Processing by Rails::WelcomeController#index as HTML
  Rendered /Users/dorota/.rvm/gems/ruby-2.2.4/gems/railties-4.0.0/lib/rails/templates/rails/welcome/index.html.erb (1.5ms)
Completed 200 OK in 22ms (Views: 13.8ms | ActiveRecord: 0.0ms)


Started GET "/" for 127.0.0.1 at 2018-11-15 10:26:19 +0100
Processing by Rails::WelcomeController#index as HTML
  Rendered /Users/dorota/.rvm/gems/ruby-2.2.4/gems/railties-4.0.0/lib/rails/templates/rails/welcome/index.html.erb (0.0ms)
Completed 200 OK in 9ms (Views: 8.0ms | ActiveRecord: 0.0ms)


Started GET "/products" for 127.0.0.1 at 2018-11-15 10:26:41 +0100
Processing by ProductsController#index as HTML
  [1m[35mProduct Load (0.5ms)[0m  SELECT "products".* FROM "products"
  Rendered products/index.html.erb within layouts/application (4.7ms)
Completed 200 OK in 196ms (Views: 192.5ms | ActiveRecord: 0.5ms)


Started GET "/assets/application.css?body=1" for 127.0.0.1 at 2018-11-15 10:26:41 +0100


Started GET "/assets/jquery.js?body=1" for 127.0.0.1 at 2018-11-15 10:26:41 +0100


Started GET "/assets/products.css?body=1" for 127.0.0.1 at 2018-11-15 10:26:41 +0100


Started GET "/assets/scaffolds.css?body=1" for 127.0.0.1 at 2018-11-15 10:26:41 +0100


Started GET "/assets/products.js?body=1" for 127.0.0.1 at 2018-11-15 10:26:41 +0100


Started GET "/assets/jquery_ujs.js?body=1" for 127.0.0.1 at 2018-11-15 10:26:41 +0100


Started GET "/assets/turbolinks.js?body=1" for 127.0.0.1 at 2018-11-15 10:26:41 +0100


Started GET "/assets/application.js?body=1" for 127.0.0.1 at 2018-11-15 10:26:41 +0100


Started GET "/products/new" for 127.0.0.1 at 2018-11-15 10:26:50 +0100
Processing by ProductsController#new as HTML
  Rendered products/_form.html.erb (32.2ms)
  Rendered products/new.html.erb within layouts/application (40.7ms)
Completed 200 OK in 50ms (Views: 48.6ms | ActiveRecord: 0.4ms)


Started GET "/products/new" for 127.0.0.1 at 2018-11-15 10:34:01 +0100
Processing by ProductsController#new as HTML
  Rendered products/_form.html.erb (6.0ms)
  Rendered products/new.html.erb within layouts/application (9.0ms)
Completed 200 OK in 27ms (Views: 26.2ms | ActiveRecord: 0.0ms)


Started GET "/assets/application.css?body=1" for 127.0.0.1 at 2018-11-15 10:34:02 +0100


Started GET "/assets/products.css?body=1" for 127.0.0.1 at 2018-11-15 10:34:02 +0100


Started GET "/assets/jquery_ujs.js?body=1" for 127.0.0.1 at 2018-11-15 10:34:02 +0100


Started GET "/assets/jquery.js?body=1" for 127.0.0.1 at 2018-11-15 10:34:02 +0100


Started GET "/assets/scaffolds.css?body=1" for 127.0.0.1 at 2018-11-15 10:34:02 +0100


Started GET "/assets/products.js?body=1" for 127.0.0.1 at 2018-11-15 10:34:02 +0100


Started GET "/assets/application.js?body=1" for 127.0.0.1 at 2018-11-15 10:34:02 +0100


Started GET "/assets/turbolinks.js?body=1" for 127.0.0.1 at 2018-11-15 10:34:02 +0100


Started POST "/products" for 127.0.0.1 at 2018-11-15 10:36:55 +0100
Processing by ProductsController#create as HTML
  Parameters: {"utf8"=>"✓", "authenticity_token"=>"H1fNhzl1kd/TmBTLMQeXr1KKOIXJG4lfh8wIuGMiHns=", "product"=>{"title"=>"CoffeeScript", "description"=>"<p>CoffeeScript is JavaScript done right.</p>", "image_url"=>"cs.jpg", "price"=>"36.0"}, "commit"=>"Create Product"}
  [1m[36m (0.1ms)[0m  [1mbegin transaction[0m
  [1m[35mSQL (6.4ms)[0m  INSERT INTO "products" ("created_at", "description", "image_url", "price", "title", "updated_at") VALUES (?, ?, ?, ?, ?, ?)  [["created_at", Thu, 15 Nov 2018 09:36:55 UTC +00:00], ["description", "<p>CoffeeScript is JavaScript done right.</p>"], ["image_url", "cs.jpg"], ["price", #<BigDecimal:7f8b2a5bdb48,'0.36E2',9(18)>], ["title", "CoffeeScript"], ["updated_at", Thu, 15 Nov 2018 09:36:55 UTC +00:00]]
  [1m[36m (2.9ms)[0m  [1mcommit transaction[0m
Redirected to http://localhost:3000/products/1
Completed 302 Found in 15ms (ActiveRecord: 9.4ms)


Started GET "/products/1" for 127.0.0.1 at 2018-11-15 10:36:55 +0100
Processing by ProductsController#show as HTML
  Parameters: {"id"=>"1"}
  [1m[35mProduct Load (0.3ms)[0m  SELECT "products".* FROM "products" WHERE "products"."id" = ? LIMIT 1  [["id", "1"]]
  Rendered products/show.html.erb within layouts/application (0.7ms)
Completed 200 OK in 10ms (Views: 6.8ms | ActiveRecord: 0.3ms)


Started GET "/assets/application.css?body=1" for 127.0.0.1 at 2018-11-15 10:36:55 +0100


Started GET "/assets/products.css?body=1" for 127.0.0.1 at 2018-11-15 10:36:55 +0100


Started GET "/assets/scaffolds.css?body=1" for 127.0.0.1 at 2018-11-15 10:36:55 +0100


Started GET "/assets/jquery.js?body=1" for 127.0.0.1 at 2018-11-15 10:36:55 +0100


Started GET "/assets/turbolinks.js?body=1" for 127.0.0.1 at 2018-11-15 10:36:55 +0100


Started GET "/assets/jquery_ujs.js?body=1" for 127.0.0.1 at 2018-11-15 10:36:55 +0100


Started GET "/assets/products.js?body=1" for 127.0.0.1 at 2018-11-15 10:36:55 +0100


Started GET "/assets/application.js?body=1" for 127.0.0.1 at 2018-11-15 10:36:55 +0100


Started GET "/products" for 127.0.0.1 at 2018-11-15 10:37:00 +0100
Processing by ProductsController#index as HTML
  [1m[36mProduct Load (0.1ms)[0m  [1mSELECT "products".* FROM "products"[0m
  Rendered products/index.html.erb within layouts/application (1.1ms)
Completed 200 OK in 8ms (Views: 7.8ms | ActiveRecord: 0.1ms)
  [1m[36mActiveRecord::SchemaMigration Load (0.1ms)[0m  [1mSELECT "schema_migrations".* FROM "schema_migrations"[0m
  [1m[35mSQL (2.6ms)[0m  DELETE FROM "products"
  [1m[36m (0.1ms)[0m  [1mbegin transaction[0m
  [1m[35mSQL (3.0ms)[0m  INSERT INTO "products" ("created_at", "description", "image_url", "price", "title", "updated_at") VALUES (?, ?, ?, ?, ?, ?)  [["created_at", Thu, 15 Nov 2018 09:50:46 UTC +00:00], ["description", "<p>\n        CoffeeScript is JavaScript done right. It provides all of JavaScript's\n\tfunctionality wrapped in a cleaner, more succinct syntax. In the first\n\tbook on this exciting new language, CoffeeScript guru Trevor Burnham\n\tshows you how to hold onto all the power and flexibility of JavaScript\n\twhile writing clearer, cleaner, and safer code.\n      </p>"], ["image_url", "cs.jpg"], ["price", #<BigDecimal:7fb276fdc250,'0.36E2',9(36)>], ["title", "CoffeeScript"], ["updated_at", Thu, 15 Nov 2018 09:50:46 UTC +00:00]]
  [1m[36m (0.8ms)[0m  [1mcommit transaction[0m
  [1m[35m (0.1ms)[0m  begin transaction
  [1m[36mSQL (0.5ms)[0m  [1mINSERT INTO "products" ("created_at", "description", "image_url", "price", "title", "updated_at") VALUES (?, ?, ?, ?, ?, ?)[0m  [["created_at", Thu, 15 Nov 2018 09:50:46 UTC +00:00], ["description", "<p>\n        Ruby is the fastest growing and most exciting dynamic language\n        out there. If you need to get working programs delivered fast,\n        you should add Ruby to your toolbox.\n      </p>"], ["image_url", "ruby.jpg"], ["price", #<BigDecimal:7fb276f977e0,'0.4995E2',18(36)>], ["title", "Programming Ruby 1.9 & 2.0"], ["updated_at", Thu, 15 Nov 2018 09:50:46 UTC +00:00]]
  [1m[35m (2.8ms)[0m  commit transaction
  [1m[36m (0.1ms)[0m  [1mbegin transaction[0m
  [1m[35mSQL (0.6ms)[0m  INSERT INTO "products" ("created_at", "description", "image_url", "price", "title", "updated_at") VALUES (?, ?, ?, ?, ?, ?)  [["created_at", Thu, 15 Nov 2018 09:50:46 UTC +00:00], ["description", "<p>\n        <em>Rails Test Prescriptions</em> is a comprehensive guide to testing\n        Rails applications, covering Test-Driven Development from both a\n        theoretical perspective (why to test) and from a practical perspective\n        (how to test effectively). It covers the core Rails testing tools and\n        procedures for Rails 2 and Rails 3, and introduces popular add-ons,\n        including Cucumber, Shoulda, Machinist, Mocha, and Rcov.\n      </p>"], ["image_url", "rtp.jpg"], ["price", #<BigDecimal:7fb276f7fd98,'0.3495E2',18(36)>], ["title", "Rails Test Prescriptions"], ["updated_at", Thu, 15 Nov 2018 09:50:46 UTC +00:00]]
  [1m[36m (0.8ms)[0m  [1mcommit transaction[0m


Started GET "/products" for 127.0.0.1 at 2018-11-15 11:14:48 +0100
  [1m[36mActiveRecord::SchemaMigration Load (0.1ms)[0m  [1mSELECT "schema_migrations".* FROM "schema_migrations"[0m
Processing by ProductsController#index as HTML
  [1m[35mProduct Load (0.1ms)[0m  SELECT "products".* FROM "products"
  Rendered products/index.html.erb within layouts/application (30.6ms)
Completed 200 OK in 80ms (Views: 70.7ms | ActiveRecord: 0.3ms)


Started GET "/assets/application.css?body=1" for 127.0.0.1 at 2018-11-15 11:14:48 +0100


Started GET "/assets/products.css?body=1" for 127.0.0.1 at 2018-11-15 11:14:48 +0100


Started GET "/assets/scaffolds.css?body=1" for 127.0.0.1 at 2018-11-15 11:14:48 +0100


Started GET "/assets/turbolinks.js?body=1" for 127.0.0.1 at 2018-11-15 11:14:48 +0100


Started GET "/assets/jquery_ujs.js?body=1" for 127.0.0.1 at 2018-11-15 11:14:48 +0100


Started GET "/assets/jquery.js?body=1" for 127.0.0.1 at 2018-11-15 11:14:48 +0100


Started GET "/assets/products.js?body=1" for 127.0.0.1 at 2018-11-15 11:14:48 +0100


Started GET "/assets/application.js?body=1" for 127.0.0.1 at 2018-11-15 11:14:48 +0100


Started GET "/assets/cs.jpg" for 127.0.0.1 at 2018-11-15 11:14:48 +0100


Started GET "/assets/ruby.jpg" for 127.0.0.1 at 2018-11-15 11:14:48 +0100


Started GET "/assets/rtp.jpg" for 127.0.0.1 at 2018-11-15 11:14:48 +0100


Started GET "/products" for 127.0.0.1 at 2018-11-15 12:54:19 +0100

LoadError (cannot load such file -- /Users/dorota/Documents/work/depot/config/routes.rb):
  activesupport (4.0.0) lib/active_support/dependencies.rb:222:in `load'
  activesupport (4.0.0) lib/active_support/dependencies.rb:222:in `block in load'
  activesupport (4.0.0) lib/active_support/dependencies.rb:213:in `load_dependency'
  activesupport (4.0.0) lib/active_support/dependencies.rb:222:in `load'
  railties (4.0.0) lib/rails/application/routes_reloader.rb:40:in `block in load_paths'
  railties (4.0.0) lib/rails/application/routes_reloader.rb:40:in `each'
  railties (4.0.0) lib/rails/application/routes_reloader.rb:40:in `load_paths'
  railties (4.0.0) lib/rails/application/routes_reloader.rb:16:in `reload!'
  railties (4.0.0) lib/rails/application/routes_reloader.rb:26:in `block in updater'
  activesupport (4.0.0) lib/active_support/file_update_checker.rb:75:in `call'
  activesupport (4.0.0) lib/active_support/file_update_checker.rb:75:in `execute'
  railties (4.0.0) lib/rails/application/routes_reloader.rb:7:in `execute'
  railties (4.0.0) lib/rails/application/finisher.rb:81:in `block (2 levels) in <module:Finisher>'
  activesupport (4.0.0) lib/active_support/callbacks.rb:397:in `_run__1356451554406846320__prepare__callbacks'
  activesupport (4.0.0) lib/active_support/callbacks.rb:80:in `run_callbacks'
  actionpack (4.0.0) lib/action_dispatch/middleware/reloader.rb:74:in `prepare!'
  actionpack (4.0.0) lib/action_dispatch/middleware/reloader.rb:62:in `call'
  actionpack (4.0.0) lib/action_dispatch/middleware/remote_ip.rb:76:in `call'
  actionpack (4.0.0) lib/action_dispatch/middleware/debug_exceptions.rb:17:in `call'
  actionpack (4.0.0) lib/action_dispatch/middleware/show_exceptions.rb:30:in `call'
  railties (4.0.0) lib/rails/rack/logger.rb:38:in `call_app'
  railties (4.0.0) lib/rails/rack/logger.rb:21:in `block in call'
  activesupport (4.0.0) lib/active_support/tagged_logging.rb:67:in `block in tagged'
  activesupport (4.0.0) lib/active_support/tagged_logging.rb:25:in `tagged'
  activesupport (4.0.0) lib/active_support/tagged_logging.rb:67:in `tagged'
  railties (4.0.0) lib/rails/rack/logger.rb:21:in `call'
  actionpack (4.0.0) lib/action_dispatch/middleware/request_id.rb:21:in `call'
  rack (1.5.5) lib/rack/methodoverride.rb:21:in `call'
  rack (1.5.5) lib/rack/runtime.rb:17:in `call'
  activesupport (4.0.0) lib/active_support/cache/strategy/local_cache.rb:83:in `call'
  rack (1.5.5) lib/rack/lock.rb:17:in `call'
  actionpack (4.0.0) lib/action_dispatch/middleware/static.rb:64:in `call'
  railties (4.0.0) lib/rails/engine.rb:511:in `call'
  railties (4.0.0) lib/rails/application.rb:97:in `call'
  rack (1.5.5) lib/rack/lock.rb:17:in `call'
  rack (1.5.5) lib/rack/content_length.rb:14:in `call'
  rack (1.5.5) lib/rack/handler/webrick.rb:60:in `service'
  /Users/dorota/.rvm/rubies/ruby-2.2.4/lib/ruby/2.2.0/webrick/httpserver.rb:138:in `service'
  /Users/dorota/.rvm/rubies/ruby-2.2.4/lib/ruby/2.2.0/webrick/httpserver.rb:94:in `run'
  /Users/dorota/.rvm/rubies/ruby-2.2.4/lib/ruby/2.2.0/webrick/server.rb:294:in `block in start_thread'


  Rendered /Users/dorota/.rvm/gems/ruby-2.2.4/gems/actionpack-4.0.0/lib/action_dispatch/middleware/templates/rescues/_source.erb (0.6ms)
  Rendered /Users/dorota/.rvm/gems/ruby-2.2.4/gems/actionpack-4.0.0/lib/action_dispatch/middleware/templates/rescues/_trace.erb (1.1ms)
  Rendered /Users/dorota/.rvm/gems/ruby-2.2.4/gems/actionpack-4.0.0/lib/action_dispatch/middleware/templates/rescues/_request_and_response.erb (1.5ms)
  Rendered /Users/dorota/.rvm/gems/ruby-2.2.4/gems/actionpack-4.0.0/lib/action_dispatch/middleware/templates/rescues/diagnostics.erb within rescues/layout (70.2ms)


Started GET "/favicon.ico" for 127.0.0.1 at 2018-11-15 12:54:20 +0100

ActionController::RoutingError (No route matches [GET] "/favicon.ico"):
  actionpack (4.0.0) lib/action_dispatch/middleware/debug_exceptions.rb:21:in `call'
  actionpack (4.0.0) lib/action_dispatch/middleware/show_exceptions.rb:30:in `call'
  railties (4.0.0) lib/rails/rack/logger.rb:38:in `call_app'
  railties (4.0.0) lib/rails/rack/logger.rb:21:in `block in call'
  activesupport (4.0.0) lib/active_support/tagged_logging.rb:67:in `block in tagged'
  activesupport (4.0.0) lib/active_support/tagged_logging.rb:25:in `tagged'
  activesupport (4.0.0) lib/active_support/tagged_logging.rb:67:in `tagged'
  railties (4.0.0) lib/rails/rack/logger.rb:21:in `call'
  actionpack (4.0.0) lib/action_dispatch/middleware/request_id.rb:21:in `call'
  rack (1.5.5) lib/rack/methodoverride.rb:21:in `call'
  rack (1.5.5) lib/rack/runtime.rb:17:in `call'
  activesupport (4.0.0) lib/active_support/cache/strategy/local_cache.rb:83:in `call'
  rack (1.5.5) lib/rack/lock.rb:17:in `call'
  actionpack (4.0.0) lib/action_dispatch/middleware/static.rb:64:in `call'
  railties (4.0.0) lib/rails/engine.rb:511:in `call'
  railties (4.0.0) lib/rails/application.rb:97:in `call'
  rack (1.5.5) lib/rack/lock.rb:17:in `call'
  rack (1.5.5) lib/rack/content_length.rb:14:in `call'
  rack (1.5.5) lib/rack/handler/webrick.rb:60:in `service'
  /Users/dorota/.rvm/rubies/ruby-2.2.4/lib/ruby/2.2.0/webrick/httpserver.rb:138:in `service'
  /Users/dorota/.rvm/rubies/ruby-2.2.4/lib/ruby/2.2.0/webrick/httpserver.rb:94:in `run'
  /Users/dorota/.rvm/rubies/ruby-2.2.4/lib/ruby/2.2.0/webrick/server.rb:294:in `block in start_thread'


  Rendered /Users/dorota/.rvm/gems/ruby-2.2.4/gems/actionpack-4.0.0/lib/action_dispatch/middleware/templates/rescues/_trace.erb (1.0ms)
  Rendered /Users/dorota/.rvm/gems/ruby-2.2.4/gems/actionpack-4.0.0/lib/action_dispatch/middleware/templates/routes/_table.html.erb (5.5ms)
  Rendered /Users/dorota/.rvm/gems/ruby-2.2.4/gems/actionpack-4.0.0/lib/action_dispatch/middleware/templates/rescues/routing_error.erb within rescues/layout (52.6ms)


Started GET "/products" for 127.0.0.1 at 2018-11-15 12:54:43 +0100

ActionController::RoutingError (No route matches [GET] "/products"):
  actionpack (4.0.0) lib/action_dispatch/middleware/debug_exceptions.rb:21:in `call'
  actionpack (4.0.0) lib/action_dispatch/middleware/show_exceptions.rb:30:in `call'
  railties (4.0.0) lib/rails/rack/logger.rb:38:in `call_app'
  railties (4.0.0) lib/rails/rack/logger.rb:21:in `block in call'
  activesupport (4.0.0) lib/active_support/tagged_logging.rb:67:in `block in tagged'
  activesupport (4.0.0) lib/active_support/tagged_logging.rb:25:in `tagged'
  activesupport (4.0.0) lib/active_support/tagged_logging.rb:67:in `tagged'
  railties (4.0.0) lib/rails/rack/logger.rb:21:in `call'
  actionpack (4.0.0) lib/action_dispatch/middleware/request_id.rb:21:in `call'
  rack (1.5.5) lib/rack/methodoverride.rb:21:in `call'
  rack (1.5.5) lib/rack/runtime.rb:17:in `call'
  activesupport (4.0.0) lib/active_support/cache/strategy/local_cache.rb:83:in `call'
  rack (1.5.5) lib/rack/lock.rb:17:in `call'
  actionpack (4.0.0) lib/action_dispatch/middleware/static.rb:64:in `call'
  railties (4.0.0) lib/rails/engine.rb:511:in `call'
  railties (4.0.0) lib/rails/application.rb:97:in `call'
  rack (1.5.5) lib/rack/lock.rb:17:in `call'
  rack (1.5.5) lib/rack/content_length.rb:14:in `call'
  rack (1.5.5) lib/rack/handler/webrick.rb:60:in `service'
  /Users/dorota/.rvm/rubies/ruby-2.2.4/lib/ruby/2.2.0/webrick/httpserver.rb:138:in `service'
  /Users/dorota/.rvm/rubies/ruby-2.2.4/lib/ruby/2.2.0/webrick/httpserver.rb:94:in `run'
  /Users/dorota/.rvm/rubies/ruby-2.2.4/lib/ruby/2.2.0/webrick/server.rb:294:in `block in start_thread'


  Rendered /Users/dorota/.rvm/gems/ruby-2.2.4/gems/actionpack-4.0.0/lib/action_dispatch/middleware/templates/rescues/_trace.erb (1.1ms)
  Rendered /Users/dorota/.rvm/gems/ruby-2.2.4/gems/actionpack-4.0.0/lib/action_dispatch/middleware/templates/routes/_table.html.erb (0.9ms)
  Rendered /Users/dorota/.rvm/gems/ruby-2.2.4/gems/actionpack-4.0.0/lib/action_dispatch/middleware/templates/rescues/routing_error.erb within rescues/layout (39.6ms)


Started GET "/products" for 127.0.0.1 at 2018-11-15 12:54:46 +0100

ActionController::RoutingError (No route matches [GET] "/products"):
  actionpack (4.0.0) lib/action_dispatch/middleware/debug_exceptions.rb:21:in `call'
  actionpack (4.0.0) lib/action_dispatch/middleware/show_exceptions.rb:30:in `call'
  railties (4.0.0) lib/rails/rack/logger.rb:38:in `call_app'
  railties (4.0.0) lib/rails/rack/logger.rb:21:in `block in call'
  activesupport (4.0.0) lib/active_support/tagged_logging.rb:67:in `block in tagged'
  activesupport (4.0.0) lib/active_support/tagged_logging.rb:25:in `tagged'
  activesupport (4.0.0) lib/active_support/tagged_logging.rb:67:in `tagged'
  railties (4.0.0) lib/rails/rack/logger.rb:21:in `call'
  actionpack (4.0.0) lib/action_dispatch/middleware/request_id.rb:21:in `call'
  rack (1.5.5) lib/rack/methodoverride.rb:21:in `call'
  rack (1.5.5) lib/rack/runtime.rb:17:in `call'
  activesupport (4.0.0) lib/active_support/cache/strategy/local_cache.rb:83:in `call'
  rack (1.5.5) lib/rack/lock.rb:17:in `call'
  actionpack (4.0.0) lib/action_dispatch/middleware/static.rb:64:in `call'
  railties (4.0.0) lib/rails/engine.rb:511:in `call'
  railties (4.0.0) lib/rails/application.rb:97:in `call'
  rack (1.5.5) lib/rack/lock.rb:17:in `call'
  rack (1.5.5) lib/rack/content_length.rb:14:in `call'
  rack (1.5.5) lib/rack/handler/webrick.rb:60:in `service'
  /Users/dorota/.rvm/rubies/ruby-2.2.4/lib/ruby/2.2.0/webrick/httpserver.rb:138:in `service'
  /Users/dorota/.rvm/rubies/ruby-2.2.4/lib/ruby/2.2.0/webrick/httpserver.rb:94:in `run'
  /Users/dorota/.rvm/rubies/ruby-2.2.4/lib/ruby/2.2.0/webrick/server.rb:294:in `block in start_thread'


  Rendered /Users/dorota/.rvm/gems/ruby-2.2.4/gems/actionpack-4.0.0/lib/action_dispatch/middleware/templates/rescues/_trace.erb (1.1ms)
  Rendered /Users/dorota/.rvm/gems/ruby-2.2.4/gems/actionpack-4.0.0/lib/action_dispatch/middleware/templates/routes/_table.html.erb (1.2ms)
  Rendered /Users/dorota/.rvm/gems/ruby-2.2.4/gems/actionpack-4.0.0/lib/action_dispatch/middleware/templates/rescues/routing_error.erb within rescues/layout (40.2ms)


Started GET "/products" for 127.0.0.1 at 2018-11-15 12:56:45 +0100
  [1m[36mActiveRecord::SchemaMigration Load (0.1ms)[0m  [1mSELECT "schema_migrations".* FROM "schema_migrations"[0m
Processing by ProductsController#index as HTML
  [1m[35mProduct Load (0.2ms)[0m  SELECT "products".* FROM "products"
  Rendered products/index.html.erb within layouts/application (29.5ms)
Completed 200 OK in 67ms (Views: 57.7ms | ActiveRecord: 0.3ms)


Started GET "/assets/application.css?body=1" for 127.0.0.1 at 2018-11-15 12:56:45 +0100


Started GET "/assets/products.css?body=1" for 127.0.0.1 at 2018-11-15 12:56:45 +0100


Started GET "/assets/scaffolds.css?body=1" for 127.0.0.1 at 2018-11-15 12:56:45 +0100


Started GET "/assets/turbolinks.js?body=1" for 127.0.0.1 at 2018-11-15 12:56:45 +0100


Started GET "/assets/jquery_ujs.js?body=1" for 127.0.0.1 at 2018-11-15 12:56:45 +0100


Started GET "/assets/jquery.js?body=1" for 127.0.0.1 at 2018-11-15 12:56:45 +0100


Started GET "/assets/products.js?body=1" for 127.0.0.1 at 2018-11-15 12:56:45 +0100


Started GET "/assets/application.js?body=1" for 127.0.0.1 at 2018-11-15 12:56:45 +0100


Started GET "/assets/cs.jpg" for 127.0.0.1 at 2018-11-15 12:56:45 +0100


Started GET "/assets/ruby.jpg" for 127.0.0.1 at 2018-11-15 12:56:45 +0100


Started GET "/assets/rtp.jpg" for 127.0.0.1 at 2018-11-15 12:56:45 +0100


Started GET "/products/new" for 127.0.0.1 at 2018-11-15 12:56:51 +0100
Processing by ProductsController#new as HTML
  Rendered products/_form.html.erb (18.2ms)
  Rendered products/new.html.erb within layouts/application (23.6ms)
Completed 200 OK in 34ms (Views: 32.5ms | ActiveRecord: 0.0ms)


Started POST "/products" for 127.0.0.1 at 2018-11-15 12:56:55 +0100
Processing by ProductsController#create as HTML
  Parameters: {"utf8"=>"✓", "authenticity_token"=>"H1fNhzl1kd/TmBTLMQeXr1KKOIXJG4lfh8wIuGMiHns=", "product"=>{"title"=>"", "description"=>"", "image_url"=>"", "price"=>""}, "commit"=>"Create Product"}
  [1m[36m (0.1ms)[0m  [1mbegin transaction[0m
  [1m[35m (0.1ms)[0m  rollback transaction
  Rendered products/_form.html.erb (8.4ms)
  Rendered products/new.html.erb within layouts/application (11.1ms)
Completed 200 OK in 28ms (Views: 19.6ms | ActiveRecord: 0.2ms)


Started GET "/assets/application.css?body=1" for 127.0.0.1 at 2018-11-15 12:56:55 +0100


Started GET "/assets/jquery.js?body=1" for 127.0.0.1 at 2018-11-15 12:56:55 +0100


Started GET "/assets/turbolinks.js?body=1" for 127.0.0.1 at 2018-11-15 12:56:55 +0100


Started GET "/assets/scaffolds.css?body=1" for 127.0.0.1 at 2018-11-15 12:56:55 +0100


Started GET "/assets/jquery_ujs.js?body=1" for 127.0.0.1 at 2018-11-15 12:56:55 +0100


Started GET "/assets/products.css?body=1" for 127.0.0.1 at 2018-11-15 12:56:55 +0100


Started GET "/assets/products.js?body=1" for 127.0.0.1 at 2018-11-15 12:56:55 +0100


Started GET "/assets/application.js?body=1" for 127.0.0.1 at 2018-11-15 12:56:55 +0100
